2025-06-18T19:21:24.772244+00:00 INFO 'ansible_navigator.setup_logger' New ansible-navigator instance, logging initialized
2025-06-18T19:21:24.772635+00:00 INFO 'ansible_navigator.setup_logger' New ansible-runner instance, logging initialized
2025-06-18T19:21:24.772703+00:00 DEBUG 'ansible_navigator.main' Jinja2==3.1.6 
2025-06-18T19:21:24.772737+00:00 DEBUG 'ansible_navigator.main' MarkupSafe==3.0.2 
2025-06-18T19:21:24.772762+00:00 DEBUG 'ansible_navigator.main' Parsley==1.3 
2025-06-18T19:21:24.772784+00:00 DEBUG 'ansible_navigator.main' PyYAML==6.0.2 
2025-06-18T19:21:24.772804+00:00 DEBUG 'ansible_navigator.main' Pygments==2.19.1 
2025-06-18T19:21:24.772822+00:00 DEBUG 'ansible_navigator.main' ansible-builder==3.1.0 
2025-06-18T19:21:24.772840+00:00 DEBUG 'ansible_navigator.main' ansible-compat==25.5.0 
2025-06-18T19:21:24.772857+00:00 DEBUG 'ansible_navigator.main' ansible-core==2.18.6 
2025-06-18T19:21:24.772875+00:00 DEBUG 'ansible_navigator.main' ansible-creator==25.5.0 
2025-06-18T19:21:24.772892+00:00 DEBUG 'ansible_navigator.main' ansible-dev-environment==25.5.0 
2025-06-18T19:21:24.772910+00:00 DEBUG 'ansible_navigator.main' ansible-dev-tools==25.5.2 
2025-06-18T19:21:24.772927+00:00 DEBUG 'ansible_navigator.main' ansible-lint==25.5.0 
2025-06-18T19:21:24.772943+00:00 DEBUG 'ansible_navigator.main' ansible-navigator==25.5.0 
2025-06-18T19:21:24.772959+00:00 DEBUG 'ansible_navigator.main' ansible-runner==2.4.1 
2025-06-18T19:21:24.772976+00:00 DEBUG 'ansible_navigator.main' ansible-sign==0.1.1 
2025-06-18T19:21:24.773056+00:00 DEBUG 'ansible_navigator.main' attrs==25.3.0 /home/ansible/.local/lib/python3.12/site-packages/attrs/__init__.py
2025-06-18T19:21:24.773081+00:00 DEBUG 'ansible_navigator.main' bindep==2.13.0 /home/ansible/.local/lib/python3.12/site-packages/bindep/__init__.py
2025-06-18T19:21:24.773098+00:00 DEBUG 'ansible_navigator.main' black==25.1.0 /home/ansible/.local/lib/python3.12/site-packages/black/__init__.cpython-312-x86_64-linux-gnu.so
2025-06-18T19:21:24.773115+00:00 DEBUG 'ansible_navigator.main' bracex==2.5.post1 /home/ansible/.local/lib/python3.12/site-packages/bracex/__init__.py
2025-06-18T19:21:24.773132+00:00 DEBUG 'ansible_navigator.main' cachetools==6.0.0 /home/ansible/.local/lib/python3.12/site-packages/cachetools/__init__.py
2025-06-18T19:21:24.773149+00:00 DEBUG 'ansible_navigator.main' cffi==1.17.1 /home/ansible/.local/lib/python3.12/site-packages/cffi/__init__.py
2025-06-18T19:21:24.773165+00:00 DEBUG 'ansible_navigator.main' chardet==5.2.0 /home/ansible/.local/lib/python3.12/site-packages/chardet/__init__.py
2025-06-18T19:21:24.773182+00:00 DEBUG 'ansible_navigator.main' click-help-colors==0.9.4 
2025-06-18T19:21:24.773199+00:00 DEBUG 'ansible_navigator.main' click==8.2.1 /home/ansible/.local/lib/python3.12/site-packages/click/__init__.py
2025-06-18T19:21:24.773215+00:00 DEBUG 'ansible_navigator.main' colorama==0.4.6 /home/ansible/.local/lib/python3.12/site-packages/colorama/__init__.py
2025-06-18T19:21:24.773233+00:00 DEBUG 'ansible_navigator.main' cryptography==45.0.4 /home/ansible/.local/lib/python3.12/site-packages/cryptography/__init__.py
2025-06-18T19:21:24.773250+00:00 DEBUG 'ansible_navigator.main' distlib==0.3.9 /home/ansible/.local/lib/python3.12/site-packages/distlib/__init__.py
2025-06-18T19:21:24.773266+00:00 DEBUG 'ansible_navigator.main' distro==1.9.0 /home/ansible/.local/lib/python3.12/site-packages/distro/__init__.py
2025-06-18T19:21:24.773282+00:00 DEBUG 'ansible_navigator.main' enrich==1.2.7 /home/ansible/.local/lib/python3.12/site-packages/enrich/__init__.py
2025-06-18T19:21:24.773299+00:00 DEBUG 'ansible_navigator.main' execnet==2.1.1 /home/ansible/.local/lib/python3.12/site-packages/execnet/__init__.py
2025-06-18T19:21:24.773315+00:00 DEBUG 'ansible_navigator.main' filelock==3.18.0 /home/ansible/.local/lib/python3.12/site-packages/filelock/__init__.py
2025-06-18T19:21:24.773331+00:00 DEBUG 'ansible_navigator.main' importlib_metadata==8.7.0 /home/ansible/.local/lib/python3.12/site-packages/importlib_metadata/__init__.py
2025-06-18T19:21:24.773348+00:00 DEBUG 'ansible_navigator.main' iniconfig==2.1.0 /home/ansible/.local/lib/python3.12/site-packages/iniconfig/__init__.py
2025-06-18T19:21:24.773374+00:00 DEBUG 'ansible_navigator.main' jsonschema-specifications==2025.4.1 
2025-06-18T19:21:24.773392+00:00 DEBUG 'ansible_navigator.main' jsonschema==4.24.0 /home/ansible/.local/lib/python3.12/site-packages/jsonschema/__init__.py
2025-06-18T19:21:24.773408+00:00 DEBUG 'ansible_navigator.main' lockfile==0.12.2 /home/ansible/.local/lib/python3.12/site-packages/lockfile/__init__.py
2025-06-18T19:21:24.773425+00:00 DEBUG 'ansible_navigator.main' markdown-it-py==3.0.0 
2025-06-18T19:21:24.773441+00:00 DEBUG 'ansible_navigator.main' mdurl==0.1.2 /home/ansible/.local/lib/python3.12/site-packages/mdurl/__init__.py
2025-06-18T19:21:24.773458+00:00 DEBUG 'ansible_navigator.main' molecule==25.5.0 /home/ansible/.local/lib/python3.12/site-packages/molecule/__init__.py
2025-06-18T19:21:24.773474+00:00 DEBUG 'ansible_navigator.main' mypy_extensions==1.1.0 /home/ansible/.local/lib/python3.12/site-packages/mypy_extensions.py
2025-06-18T19:21:24.773490+00:00 DEBUG 'ansible_navigator.main' onigurumacffi==1.4.1 /home/ansible/.local/lib/python3.12/site-packages/onigurumacffi.py
2025-06-18T19:21:24.773506+00:00 DEBUG 'ansible_navigator.main' packaging==25.0 /home/ansible/.local/lib/python3.12/site-packages/packaging/__init__.py
2025-06-18T19:21:24.773522+00:00 DEBUG 'ansible_navigator.main' pathspec==0.12.1 /home/ansible/.local/lib/python3.12/site-packages/pathspec/__init__.py
2025-06-18T19:21:24.773539+00:00 DEBUG 'ansible_navigator.main' pbr==6.1.1 /home/ansible/.local/lib/python3.12/site-packages/pbr/__init__.py
2025-06-18T19:21:24.773555+00:00 DEBUG 'ansible_navigator.main' pexpect==4.9.0 /home/ansible/.local/lib/python3.12/site-packages/pexpect/__init__.py
2025-06-18T19:21:24.773571+00:00 DEBUG 'ansible_navigator.main' pip==23.2.1 /usr/lib/python3.12/site-packages/pip/__init__.py
2025-06-18T19:21:24.773587+00:00 DEBUG 'ansible_navigator.main' platformdirs==4.3.8 /home/ansible/.local/lib/python3.12/site-packages/platformdirs/__init__.py
2025-06-18T19:21:24.773604+00:00 DEBUG 'ansible_navigator.main' pluggy==1.6.0 /home/ansible/.local/lib/python3.12/site-packages/pluggy/__init__.py
2025-06-18T19:21:24.773620+00:00 DEBUG 'ansible_navigator.main' ptyprocess==0.7.0 /home/ansible/.local/lib/python3.12/site-packages/ptyprocess/__init__.py
2025-06-18T19:21:24.773636+00:00 DEBUG 'ansible_navigator.main' pycparser==2.22 /home/ansible/.local/lib/python3.12/site-packages/pycparser/__init__.py
2025-06-18T19:21:24.773653+00:00 DEBUG 'ansible_navigator.main' pyproject-api==1.9.1 
2025-06-18T19:21:24.773669+00:00 DEBUG 'ansible_navigator.main' pytest-ansible==25.5.0 
2025-06-18T19:21:24.773687+00:00 DEBUG 'ansible_navigator.main' pytest-xdist==3.7.0 
2025-06-18T19:21:24.773704+00:00 DEBUG 'ansible_navigator.main' pytest==8.4.0 /home/ansible/.local/lib/python3.12/site-packages/pytest/__init__.py
2025-06-18T19:21:24.773720+00:00 DEBUG 'ansible_navigator.main' python-daemon==3.1.2 
2025-06-18T19:21:24.773737+00:00 DEBUG 'ansible_navigator.main' python-gnupg==0.5.4 
2025-06-18T19:21:24.773755+00:00 DEBUG 'ansible_navigator.main' referencing==0.36.2 /home/ansible/.local/lib/python3.12/site-packages/referencing/__init__.py
2025-06-18T19:21:24.773772+00:00 DEBUG 'ansible_navigator.main' resolvelib==1.0.1 /home/ansible/.local/lib/python3.12/site-packages/resolvelib/__init__.py
2025-06-18T19:21:24.773788+00:00 DEBUG 'ansible_navigator.main' rich==14.0.0 /home/ansible/.local/lib/python3.12/site-packages/rich/__init__.py
2025-06-18T19:21:24.773804+00:00 DEBUG 'ansible_navigator.main' rpds-py==0.25.1 
2025-06-18T19:21:24.773820+00:00 DEBUG 'ansible_navigator.main' ruamel.yaml.clib==0.2.12 
2025-06-18T19:21:24.773837+00:00 DEBUG 'ansible_navigator.main' ruamel.yaml==0.18.14 /home/ansible/.local/lib/python3.12/site-packages/ruamel/yaml/__init__.py
2025-06-18T19:21:24.773853+00:00 DEBUG 'ansible_navigator.main' setuptools==68.2.2 /usr/lib/python3.12/site-packages/setuptools/__init__.py
2025-06-18T19:21:24.773869+00:00 DEBUG 'ansible_navigator.main' subprocess-tee==0.4.2 
2025-06-18T19:21:24.773887+00:00 DEBUG 'ansible_navigator.main' tox-ansible==25.5.0 
2025-06-18T19:21:24.773904+00:00 DEBUG 'ansible_navigator.main' tox==4.26.0 /home/ansible/.local/lib/python3.12/site-packages/tox/__init__.py
2025-06-18T19:21:24.773921+00:00 DEBUG 'ansible_navigator.main' typing_extensions==4.14.0 /home/ansible/.local/lib/python3.12/site-packages/typing_extensions.py
2025-06-18T19:21:24.773937+00:00 DEBUG 'ansible_navigator.main' tzdata==2025.2 /home/ansible/.local/lib/python3.12/site-packages/tzdata/__init__.py
2025-06-18T19:21:24.773952+00:00 DEBUG 'ansible_navigator.main' virtualenv==20.31.2 /home/ansible/.local/lib/python3.12/site-packages/virtualenv/__init__.py
2025-06-18T19:21:24.773969+00:00 DEBUG 'ansible_navigator.main' wcmatch==10.0 /home/ansible/.local/lib/python3.12/site-packages/wcmatch/__init__.py
2025-06-18T19:21:24.773984+00:00 DEBUG 'ansible_navigator.main' yamllint==1.37.1 /home/ansible/.local/lib/python3.12/site-packages/yamllint/__init__.py
2025-06-18T19:21:24.774001+00:00 DEBUG 'ansible_navigator.main' zipp==3.23.0 /home/ansible/.local/lib/python3.12/site-packages/zipp/__init__.py
2025-06-18T19:21:24.774017+00:00 DEBUG 'ansible_navigator.main' Default collection_doc_cache_path set to: /home/ansible/.cache/ansible-navigator/collection_doc_cache.db
2025-06-18T19:21:24.774051+00:00 DEBUG 'ansible_navigator.main' EDITOR environment variable not set
2025-06-18T19:21:24.774068+00:00 DEBUG 'ansible_navigator.main' Default editor_command set to: vi +{line_number} {filename}
2025-06-18T19:21:24.774084+00:00 DEBUG 'ansible_navigator.main' No config file set by ANSIBLE_NAVIGATOR_CONFIG
2025-06-18T19:21:24.774101+00:00 DEBUG 'ansible_navigator.main' Looking in /home/ansible/.ansible-navigator
2025-06-18T19:21:24.774117+00:00 DEBUG 'ansible_navigator.main' Looking for '/home/ansible/.ansible-navigator.yml', '/home/ansible/.ansible-navigator.yaml' and '/home/ansible/.ansible-navigator.json'
2025-06-18T19:21:24.774133+00:00 DEBUG 'ansible_navigator.main' Found 0: 
2025-06-18T19:21:24.774150+00:00 DEBUG 'ansible_navigator.main' Looking in /home/ansible/ccat/playbooks/ansible-navigator
2025-06-18T19:21:24.774166+00:00 DEBUG 'ansible_navigator.main' Looking for '/home/ansible/ccat/playbooks/ansible-navigator.yml', '/home/ansible/ccat/playbooks/ansible-navigator.yaml' and '/home/ansible/ccat/playbooks/ansible-navigator.json'
2025-06-18T19:21:24.774182+00:00 DEBUG 'ansible_navigator.main' Found 1: '/home/ansible/ccat/playbooks/ansible-navigator.yml'
2025-06-18T19:21:24.774199+00:00 DEBUG 'ansible_navigator.main' All found 1: '/home/ansible/ccat/playbooks/ansible-navigator.yml'
2025-06-18T19:21:24.774215+00:00 DEBUG 'ansible_navigator.main' Using: /home/ansible/ccat/playbooks/ansible-navigator.yml
2025-06-18T19:21:24.774231+00:00 DEBUG 'ansible_navigator.main' Using settings file at /home/ansible/ccat/playbooks/ansible-navigator.yml in search path
2025-06-18T19:21:24.774247+00:00 DEBUG 'ansible_navigator.main' Command provided: '--pp never with_errors_fix1_ignore_errors.yaml'
2025-06-18T19:21:24.774263+00:00 DEBUG 'ansible_navigator.main' ansible-navigator.ansible-runner.artifact-dir not found in settings file
2025-06-18T19:21:24.774279+00:00 DEBUG 'ansible_navigator.main' ansible-navigator.ansible-runner.rotate-artifacts-count not found in settings file
2025-06-18T19:21:24.774296+00:00 DEBUG 'ansible_navigator.main' ansible-navigator.ansible-runner.timeout not found in settings file
2025-06-18T19:21:24.774312+00:00 DEBUG 'ansible_navigator.main' ansible-navigator.ansible-runner.job-events not found in settings file
2025-06-18T19:21:24.774328+00:00 DEBUG 'ansible_navigator.main' ansible-navigator.app not found in settings file
2025-06-18T19:21:24.774344+00:00 DEBUG 'ansible_navigator.main' ansible-navigator.ansible.cmdline not found in settings file
2025-06-18T19:21:24.774360+00:00 DEBUG 'ansible_navigator.main' ansible-navigator.collection-doc-cache-path not found in settings file
2025-06-18T19:21:24.774376+00:00 DEBUG 'ansible_navigator.main' ansible-navigator.ansible.config.path not found in settings file
2025-06-18T19:21:24.774395+00:00 DEBUG 'ansible_navigator.main' ansible-navigator.execution-environment.container-engine not found in settings file
2025-06-18T19:21:24.774412+00:00 DEBUG 'ansible_navigator.main' ansible-navigator.execution-environment.container-options not found in settings file
2025-06-18T19:21:24.774428+00:00 DEBUG 'ansible_navigator.main' ansible-navigator.color.enable not found in settings file
2025-06-18T19:21:24.774444+00:00 DEBUG 'ansible_navigator.main' ansible-navigator.editor.command not found in settings file
2025-06-18T19:21:24.774460+00:00 DEBUG 'ansible_navigator.main' ansible-navigator.editor.console not found in settings file
2025-06-18T19:21:24.774476+00:00 DEBUG 'ansible_navigator.main' ansible-navigator.enable-prompts not found in settings file
2025-06-18T19:21:24.774492+00:00 DEBUG 'ansible_navigator.main' ansible-navigator.exec.command not found in settings file
2025-06-18T19:21:24.774507+00:00 DEBUG 'ansible_navigator.main' ansible-navigator.exec.shell not found in settings file
2025-06-18T19:21:24.774523+00:00 DEBUG 'ansible_navigator.main' ansible-navigator.execution-environment.enabled not found in settings file
2025-06-18T19:21:24.774539+00:00 DEBUG 'ansible_navigator.main' ansible-navigator.execution-environment.image not found in settings file
2025-06-18T19:21:24.774556+00:00 DEBUG 'ansible_navigator.main' ansible-navigator.execution-environment.volume-mounts not found in settings file
2025-06-18T19:21:24.774573+00:00 DEBUG 'ansible_navigator.main' ansible-navigator.format not found in settings file
2025-06-18T19:21:24.774589+00:00 DEBUG 'ansible_navigator.main' ansible-navigator.ansible-builder.help not found in settings file
2025-06-18T19:21:24.774605+00:00 DEBUG 'ansible_navigator.main' ansible-navigator.ansible.config.help not found in settings file
2025-06-18T19:21:24.774621+00:00 DEBUG 'ansible_navigator.main' ansible-navigator.ansible.doc.help not found in settings file
2025-06-18T19:21:24.774637+00:00 DEBUG 'ansible_navigator.main' ansible-navigator.ansible.inventory.help not found in settings file
2025-06-18T19:21:24.774653+00:00 DEBUG 'ansible_navigator.main' ansible-navigator.ansible.playbook.help not found in settings file
2025-06-18T19:21:24.774669+00:00 DEBUG 'ansible_navigator.main' ansible-navigator.images.details not found in settings file
2025-06-18T19:21:24.774685+00:00 DEBUG 'ansible_navigator.main' ansible-navigator.ansible.inventory.entries not found in settings file
2025-06-18T19:21:24.774701+00:00 DEBUG 'ansible_navigator.main' ansible-navigator.inventory-columns not found in settings file
2025-06-18T19:21:24.774717+00:00 DEBUG 'ansible_navigator.main' ansible-navigator.ansible-lint.config not found in settings file
2025-06-18T19:21:24.774733+00:00 DEBUG 'ansible_navigator.main' ansible-navigator.ansible-lint.lintables not found in settings file
2025-06-18T19:21:24.774749+00:00 DEBUG 'ansible_navigator.main' ansible-navigator.logging.append not found in settings file
2025-06-18T19:21:24.774765+00:00 DEBUG 'ansible_navigator.main' ansible-navigator.logging.file not found in settings file
2025-06-18T19:21:24.774781+00:00 DEBUG 'ansible_navigator.main' ansible-navigator.logging.level not found in settings file
2025-06-18T19:21:24.774798+00:00 DEBUG 'ansible_navigator.main' ansible-navigator.mode not found in settings file
2025-06-18T19:21:24.774814+00:00 DEBUG 'ansible_navigator.main' ansible-navigator.color.osc4 not found in settings file
2025-06-18T19:21:24.774830+00:00 DEBUG 'ansible_navigator.main' ansible-navigator.execution-environment.environment-variables.pass not found in settings file
2025-06-18T19:21:24.774847+00:00 DEBUG 'ansible_navigator.main' ansible-navigator.ansible.playbook.path not found in settings file
2025-06-18T19:21:24.774863+00:00 DEBUG 'ansible_navigator.main' ansible-navigator.playbook-artifact.replay not found in settings file
2025-06-18T19:21:24.774879+00:00 DEBUG 'ansible_navigator.main' ansible-navigator.playbook-artifact.save-as not found in settings file
2025-06-18T19:21:24.774894+00:00 DEBUG 'ansible_navigator.main' ansible-navigator.ansible.doc.plugin.name not found in settings file
2025-06-18T19:21:24.774913+00:00 DEBUG 'ansible_navigator.main' ansible-navigator.ansible.doc.plugin.type not found in settings file
2025-06-18T19:21:24.774930+00:00 DEBUG 'ansible_navigator.main' ansible-navigator.execution-environment.pull.arguments not found in settings file
2025-06-18T19:21:24.774946+00:00 DEBUG 'ansible_navigator.main' ansible-navigator.execution-environment.pull.policy not found in settings file
2025-06-18T19:21:24.774962+00:00 DEBUG 'ansible_navigator.main' ansible-navigator.execution-environment.environment-variables.set not found in settings file
2025-06-18T19:21:24.774978+00:00 DEBUG 'ansible_navigator.main' ansible-navigator.settings.effective not found in settings file
2025-06-18T19:21:24.774994+00:00 DEBUG 'ansible_navigator.main' ansible-navigator.settings.sample not found in settings file
2025-06-18T19:21:24.775010+00:00 DEBUG 'ansible_navigator.main' ansible-navigator.settings.schema not found in settings file
2025-06-18T19:21:24.775039+00:00 DEBUG 'ansible_navigator.main' ansible-navigator.settings.sources not found in settings file
2025-06-18T19:21:24.775057+00:00 DEBUG 'ansible_navigator.main' ansible-navigator.time-zone not found in settings file
2025-06-18T19:21:24.775073+00:00 DEBUG 'ansible_navigator.main' ansible-navigator.ansible-builder.workdir not found in settings file
2025-06-18T19:21:24.775092+00:00 WARNING 'ansible_navigator.main' Configuration errors encountered, rolling back to previous configuration.
2025-06-18T19:21:24.775111+00:00 DEBUG 'ansible_navigator.main' Prior to rollback: ansible_runner_artifact_dir = 'Not set' (Constants/Not set)
2025-06-18T19:21:24.775128+00:00 DEBUG 'ansible_navigator.main' Prior to rollback: ansible_runner_rotate_artifacts_count = 'Not set' (Constants/Not set)
2025-06-18T19:21:24.775144+00:00 DEBUG 'ansible_navigator.main' Prior to rollback: ansible_runner_timeout = 'Not set' (Constants/Not set)
2025-06-18T19:21:24.775160+00:00 DEBUG 'ansible_navigator.main' Prior to rollback: ansible_runner_write_job_events = 'False' (bool/Defaults)
2025-06-18T19:21:24.775176+00:00 DEBUG 'ansible_navigator.main' Prior to rollback: app = 'welcome' (str/Defaults)
2025-06-18T19:21:24.775192+00:00 DEBUG 'ansible_navigator.main' Prior to rollback: cmdline = '['--pp', 'never', 'with_errors_fix1_ignore_errors.yaml']' (list/Command line)
2025-06-18T19:21:24.775208+00:00 DEBUG 'ansible_navigator.main' Prior to rollback: collection_doc_cache_path = '/home/ansible/.cache/ansible-navigator/collection_doc_cache.db' (str/Defaults)
2025-06-18T19:21:24.775224+00:00 DEBUG 'ansible_navigator.main' Prior to rollback: config = 'Not set' (Constants/Not set)
2025-06-18T19:21:24.775241+00:00 DEBUG 'ansible_navigator.main' Prior to rollback: container_engine = 'auto' (str/Defaults)
2025-06-18T19:21:24.775257+00:00 DEBUG 'ansible_navigator.main' Prior to rollback: container_options = 'Not set' (Constants/Not set)
2025-06-18T19:21:24.775273+00:00 DEBUG 'ansible_navigator.main' Prior to rollback: display_color = 'True' (bool/Defaults)
2025-06-18T19:21:24.775289+00:00 DEBUG 'ansible_navigator.main' Prior to rollback: editor_command = 'vi +{line_number} {filename}' (str/Defaults)
2025-06-18T19:21:24.775305+00:00 DEBUG 'ansible_navigator.main' Prior to rollback: editor_console = 'True' (bool/Defaults)
2025-06-18T19:21:24.775321+00:00 DEBUG 'ansible_navigator.main' Prior to rollback: enable_prompts = 'False' (bool/Defaults)
2025-06-18T19:21:24.775337+00:00 DEBUG 'ansible_navigator.main' Prior to rollback: exec_command = '/bin/bash' (str/Defaults)
2025-06-18T19:21:24.775353+00:00 DEBUG 'ansible_navigator.main' Prior to rollback: exec_shell = 'True' (bool/Defaults)
2025-06-18T19:21:24.775369+00:00 DEBUG 'ansible_navigator.main' Prior to rollback: execution_environment = 'True' (bool/Defaults)
2025-06-18T19:21:24.775385+00:00 DEBUG 'ansible_navigator.main' Prior to rollback: execution_environment_image = 'ghcr.io/ansible/community-ansible-dev-tools:latest' (str/Defaults)
2025-06-18T19:21:24.775401+00:00 DEBUG 'ansible_navigator.main' Prior to rollback: execution_environment_volume_mounts = 'Not set' (Constants/Not set)
2025-06-18T19:21:24.775420+00:00 DEBUG 'ansible_navigator.main' Prior to rollback: format = 'yaml' (str/Defaults)
2025-06-18T19:21:24.775437+00:00 DEBUG 'ansible_navigator.main' Prior to rollback: help_builder = 'False' (bool/Defaults)
2025-06-18T19:21:24.775454+00:00 DEBUG 'ansible_navigator.main' Prior to rollback: help_config = 'False' (bool/Defaults)
2025-06-18T19:21:24.775470+00:00 DEBUG 'ansible_navigator.main' Prior to rollback: help_doc = 'False' (bool/Defaults)
2025-06-18T19:21:24.775486+00:00 DEBUG 'ansible_navigator.main' Prior to rollback: help_inventory = 'False' (bool/Defaults)
2025-06-18T19:21:24.775502+00:00 DEBUG 'ansible_navigator.main' Prior to rollback: help_playbook = 'False' (bool/Defaults)
2025-06-18T19:21:24.775518+00:00 DEBUG 'ansible_navigator.main' Prior to rollback: images_details = '['everything']' (list/Defaults)
2025-06-18T19:21:24.775534+00:00 DEBUG 'ansible_navigator.main' Prior to rollback: inventory = 'Not set' (Constants/Not set)
2025-06-18T19:21:24.775550+00:00 DEBUG 'ansible_navigator.main' Prior to rollback: inventory_column = 'Not set' (Constants/Not set)
2025-06-18T19:21:24.775566+00:00 DEBUG 'ansible_navigator.main' Prior to rollback: lint_config = 'Not set' (Constants/Not set)
2025-06-18T19:21:24.775583+00:00 DEBUG 'ansible_navigator.main' Prior to rollback: lintables = 'Not set' (Constants/Not set)
2025-06-18T19:21:24.775598+00:00 DEBUG 'ansible_navigator.main' Prior to rollback: log_append = 'True' (bool/Defaults)
2025-06-18T19:21:24.775614+00:00 DEBUG 'ansible_navigator.main' Prior to rollback: log_file = '/home/ansible/ccat/playbooks/ansible-navigator.log' (str/Defaults)
2025-06-18T19:21:24.775630+00:00 DEBUG 'ansible_navigator.main' Prior to rollback: log_level = 'warning' (str/Defaults)
2025-06-18T19:21:24.775646+00:00 DEBUG 'ansible_navigator.main' Prior to rollback: mode = 'interactive' (str/Defaults)
2025-06-18T19:21:24.775662+00:00 DEBUG 'ansible_navigator.main' Prior to rollback: osc4 = 'True' (bool/Defaults)
2025-06-18T19:21:24.775678+00:00 DEBUG 'ansible_navigator.main' Prior to rollback: pass_environment_variable = 'Not set' (Constants/Not set)
2025-06-18T19:21:24.775694+00:00 DEBUG 'ansible_navigator.main' Prior to rollback: playbook = 'Not set' (Constants/Not set)
2025-06-18T19:21:24.775710+00:00 DEBUG 'ansible_navigator.main' Prior to rollback: playbook_artifact_enable = 'False' (bool/Settings file)
2025-06-18T19:21:24.775726+00:00 DEBUG 'ansible_navigator.main' Prior to rollback: playbook_artifact_replay = 'Not set' (Constants/Not set)
2025-06-18T19:21:24.775742+00:00 DEBUG 'ansible_navigator.main' Prior to rollback: playbook_artifact_save_as = '{playbook_dir}/{playbook_name}-artifact-{time_stamp}.json' (str/Defaults)
2025-06-18T19:21:24.775758+00:00 DEBUG 'ansible_navigator.main' Prior to rollback: plugin_name = 'Not set' (Constants/Not set)
2025-06-18T19:21:24.775774+00:00 DEBUG 'ansible_navigator.main' Prior to rollback: plugin_type = 'module' (str/Defaults)
2025-06-18T19:21:24.775790+00:00 DEBUG 'ansible_navigator.main' Prior to rollback: pull_arguments = 'Not set' (Constants/Not set)
2025-06-18T19:21:24.775806+00:00 DEBUG 'ansible_navigator.main' Prior to rollback: pull_policy = 'never' (str/Command line)
2025-06-18T19:21:24.775822+00:00 DEBUG 'ansible_navigator.main' Prior to rollback: set_environment_variable = 'Not set' (Constants/Not set)
2025-06-18T19:21:24.775838+00:00 DEBUG 'ansible_navigator.main' Prior to rollback: settings_effective = 'False' (bool/Defaults)
2025-06-18T19:21:24.775854+00:00 DEBUG 'ansible_navigator.main' Prior to rollback: settings_sample = 'False' (bool/Defaults)
2025-06-18T19:21:24.775870+00:00 DEBUG 'ansible_navigator.main' Prior to rollback: settings_schema = 'json' (str/Defaults)
2025-06-18T19:21:24.775886+00:00 DEBUG 'ansible_navigator.main' Prior to rollback: settings_sources = 'False' (bool/Defaults)
2025-06-18T19:21:24.775902+00:00 DEBUG 'ansible_navigator.main' Prior to rollback: time_zone = 'UTC' (str/Defaults)
2025-06-18T19:21:24.775920+00:00 DEBUG 'ansible_navigator.main' Prior to rollback: workdir = '/home/ansible/ccat/playbooks' (str/Defaults)
2025-06-18T19:21:24.775936+00:00 DEBUG 'ansible_navigator.main' After rollback: ansible_runner_artifact_dir = 'Not set' (Constants/Not set)
2025-06-18T19:21:24.775952+00:00 DEBUG 'ansible_navigator.main' After rollback: ansible_runner_rotate_artifacts_count = 'Not set' (Constants/Not set)
2025-06-18T19:21:24.775968+00:00 DEBUG 'ansible_navigator.main' After rollback: ansible_runner_timeout = 'Not set' (Constants/Not set)
2025-06-18T19:21:24.775984+00:00 DEBUG 'ansible_navigator.main' After rollback: ansible_runner_write_job_events = 'Not set' (Constants/Not set)
2025-06-18T19:21:24.776000+00:00 DEBUG 'ansible_navigator.main' After rollback: app = 'Not set' (Constants/Not set)
2025-06-18T19:21:24.776016+00:00 DEBUG 'ansible_navigator.main' After rollback: cmdline = 'Not set' (Constants/Not set)
2025-06-18T19:21:24.776046+00:00 DEBUG 'ansible_navigator.main' After rollback: collection_doc_cache_path = 'Not set' (Constants/Not set)
2025-06-18T19:21:24.776062+00:00 DEBUG 'ansible_navigator.main' After rollback: config = 'Not set' (Constants/Not set)
2025-06-18T19:21:24.776078+00:00 DEBUG 'ansible_navigator.main' After rollback: container_engine = 'Not set' (Constants/Not set)
2025-06-18T19:21:24.776094+00:00 DEBUG 'ansible_navigator.main' After rollback: container_options = 'Not set' (Constants/Not set)
2025-06-18T19:21:24.776110+00:00 DEBUG 'ansible_navigator.main' After rollback: display_color = 'Not set' (Constants/Not set)
2025-06-18T19:21:24.776126+00:00 DEBUG 'ansible_navigator.main' After rollback: editor_command = 'Not set' (Constants/Not set)
2025-06-18T19:21:24.776142+00:00 DEBUG 'ansible_navigator.main' After rollback: editor_console = 'Not set' (Constants/Not set)
2025-06-18T19:21:24.776158+00:00 DEBUG 'ansible_navigator.main' After rollback: enable_prompts = 'Not set' (Constants/Not set)
2025-06-18T19:21:24.776174+00:00 DEBUG 'ansible_navigator.main' After rollback: exec_command = 'Not set' (Constants/Not set)
2025-06-18T19:21:24.776190+00:00 DEBUG 'ansible_navigator.main' After rollback: exec_shell = 'Not set' (Constants/Not set)
2025-06-18T19:21:24.776206+00:00 DEBUG 'ansible_navigator.main' After rollback: execution_environment = 'Not set' (Constants/Not set)
2025-06-18T19:21:24.776222+00:00 DEBUG 'ansible_navigator.main' After rollback: execution_environment_image = 'Not set' (Constants/Not set)
2025-06-18T19:21:24.776238+00:00 DEBUG 'ansible_navigator.main' After rollback: execution_environment_volume_mounts = 'Not set' (Constants/Not set)
2025-06-18T19:21:24.776254+00:00 DEBUG 'ansible_navigator.main' After rollback: format = 'Not set' (Constants/Not set)
2025-06-18T19:21:24.776270+00:00 DEBUG 'ansible_navigator.main' After rollback: help_builder = 'Not set' (Constants/Not set)
2025-06-18T19:21:24.776286+00:00 DEBUG 'ansible_navigator.main' After rollback: help_config = 'Not set' (Constants/Not set)
2025-06-18T19:21:24.776303+00:00 DEBUG 'ansible_navigator.main' After rollback: help_doc = 'Not set' (Constants/Not set)
2025-06-18T19:21:24.776319+00:00 DEBUG 'ansible_navigator.main' After rollback: help_inventory = 'Not set' (Constants/Not set)
2025-06-18T19:21:24.776335+00:00 DEBUG 'ansible_navigator.main' After rollback: help_playbook = 'Not set' (Constants/Not set)
2025-06-18T19:21:24.776351+00:00 DEBUG 'ansible_navigator.main' After rollback: images_details = 'Not set' (Constants/Not set)
2025-06-18T19:21:24.776367+00:00 DEBUG 'ansible_navigator.main' After rollback: inventory = 'Not set' (Constants/Not set)
2025-06-18T19:21:24.776383+00:00 DEBUG 'ansible_navigator.main' After rollback: inventory_column = 'Not set' (Constants/Not set)
2025-06-18T19:21:24.776399+00:00 DEBUG 'ansible_navigator.main' After rollback: lint_config = 'Not set' (Constants/Not set)
2025-06-18T19:21:24.776414+00:00 DEBUG 'ansible_navigator.main' After rollback: lintables = 'Not set' (Constants/Not set)
2025-06-18T19:21:24.776431+00:00 DEBUG 'ansible_navigator.main' After rollback: log_append = 'Not set' (Constants/Not set)
2025-06-18T19:21:24.776450+00:00 DEBUG 'ansible_navigator.main' After rollback: log_file = 'Not set' (Constants/Not set)
2025-06-18T19:21:24.776466+00:00 DEBUG 'ansible_navigator.main' After rollback: log_level = 'Not set' (Constants/Not set)
2025-06-18T19:21:24.776482+00:00 DEBUG 'ansible_navigator.main' After rollback: mode = 'Not set' (Constants/Not set)
2025-06-18T19:21:24.776498+00:00 DEBUG 'ansible_navigator.main' After rollback: osc4 = 'Not set' (Constants/Not set)
2025-06-18T19:21:24.776515+00:00 DEBUG 'ansible_navigator.main' After rollback: pass_environment_variable = 'Not set' (Constants/Not set)
2025-06-18T19:21:24.776531+00:00 DEBUG 'ansible_navigator.main' After rollback: playbook = 'Not set' (Constants/Not set)
2025-06-18T19:21:24.776546+00:00 DEBUG 'ansible_navigator.main' After rollback: playbook_artifact_enable = 'Not set' (Constants/Not set)
2025-06-18T19:21:24.776562+00:00 DEBUG 'ansible_navigator.main' After rollback: playbook_artifact_replay = 'Not set' (Constants/Not set)
2025-06-18T19:21:24.776579+00:00 DEBUG 'ansible_navigator.main' After rollback: playbook_artifact_save_as = 'Not set' (Constants/Not set)
2025-06-18T19:21:24.776595+00:00 DEBUG 'ansible_navigator.main' After rollback: plugin_name = 'Not set' (Constants/Not set)
2025-06-18T19:21:24.776610+00:00 DEBUG 'ansible_navigator.main' After rollback: plugin_type = 'Not set' (Constants/Not set)
2025-06-18T19:21:24.776626+00:00 DEBUG 'ansible_navigator.main' After rollback: pull_arguments = 'Not set' (Constants/Not set)
2025-06-18T19:21:24.776642+00:00 DEBUG 'ansible_navigator.main' After rollback: pull_policy = 'Not set' (Constants/Not set)
2025-06-18T19:21:24.776658+00:00 DEBUG 'ansible_navigator.main' After rollback: set_environment_variable = 'Not set' (Constants/Not set)
2025-06-18T19:21:24.776674+00:00 DEBUG 'ansible_navigator.main' After rollback: settings_effective = 'Not set' (Constants/Not set)
2025-06-18T19:21:24.776690+00:00 DEBUG 'ansible_navigator.main' After rollback: settings_sample = 'Not set' (Constants/Not set)
2025-06-18T19:21:24.776706+00:00 DEBUG 'ansible_navigator.main' After rollback: settings_schema = 'Not set' (Constants/Not set)
2025-06-18T19:21:24.776722+00:00 DEBUG 'ansible_navigator.main' After rollback: settings_sources = 'Not set' (Constants/Not set)
2025-06-18T19:21:24.776738+00:00 DEBUG 'ansible_navigator.main' After rollback: time_zone = 'Not set' (Constants/Not set)
2025-06-18T19:21:24.776754+00:00 DEBUG 'ansible_navigator.main' After rollback: workdir = 'Not set' (Constants/Not set)
2025-06-18T19:21:24.776771+00:00 DEBUG 'ansible_navigator.main' Configuration rollback complete.
2025-06-18T19:21:24.776787+00:00 DEBUG 'ansible_navigator.main' Collection doc cache not mounted
2025-06-18T19:21:24.776814+00:00 WARNING 'ansible_navigator.main' Issues were found while applying the settings.
2025-06-18T19:21:24.776835+00:00 INFO 'ansible_navigator.main' Command provided: '--pp never with_errors_fix1_ignore_errors.yaml'
2025-06-18T19:21:24.776858+00:00 ERROR 'ansible_navigator.main' argument {subcommand} --help: invalid choice: 'with_errors_fix1_ignore_errors.yaml' (choose from builder, collections, config, doc, exec, images, inventory, lint, replay, run, settings, welcome)
2025-06-18T19:21:24.776881+00:00 INFO 'ansible_navigator.main' Configuration failed, using default log file location. (/home/ansible/ccat/playbooks/ansible-navigator.log) Log level set to debug
2025-06-18T19:21:24.776901+00:00 INFO 'ansible_navigator.main' Review the hints and log file to see what went wrong.
2025-06-18T19:22:14.746635+00:00 WARNING 'ansible_navigator.run' Dirty exit, killing the pid
